<?xml version="1.0" encoding="UTF-8"?>
<testng-results skipped="0" failed="0" total="2" passed="2">
  <reporter-output>
  </reporter-output>
  <suite name="Default suite" duration-ms="20480" started-at="2017-06-12T20:27:09Z" finished-at="2017-06-12T20:27:30Z">
    <groups>
    </groups>
    <test name="Default test" duration-ms="20480" started-at="2017-06-12T20:27:09Z" finished-at="2017-06-12T20:27:30Z">
      <class name="com.zantao.uitest.loginTest">
        <test-method status="PASS" signature="SetUp()[pri:0, instance:com.zantao.uitest.loginTest@e580929]" name="SetUp" is-config="true" duration-ms="2616" started-at="2017-06-13T04:27:09Z" finished-at="2017-06-13T04:27:12Z">
          <reporter-output>
          </reporter-output>
        </test-method> <!-- SetUp -->
        <test-method status="PASS" signature="LoginTest1()[pri:0, instance:com.zantao.uitest.loginTest@e580929]" name="LoginTest1" duration-ms="4485" started-at="2017-06-13T04:27:12Z" finished-at="2017-06-13T04:27:16Z">
          <reporter-output>
          </reporter-output>
        </test-method> <!-- LoginTest1 -->
        <test-method status="PASS" signature="tearDown()[pri:0, instance:com.zantao.uitest.loginTest@e580929]" name="tearDown" is-config="true" duration-ms="3176" started-at="2017-06-13T04:27:16Z" finished-at="2017-06-13T04:27:19Z">
          <reporter-output>
          </reporter-output>
        </test-method> <!-- tearDown -->
        <test-method status="PASS" signature="SetUp()[pri:0, instance:com.zantao.uitest.loginTest@e580929]" name="SetUp" is-config="true" duration-ms="1395" started-at="2017-06-13T04:27:19Z" finished-at="2017-06-13T04:27:21Z">
          <reporter-output>
          </reporter-output>
        </test-method> <!-- SetUp -->
        <test-method status="PASS" signature="LoginTest2()[pri:0, instance:com.zantao.uitest.loginTest@e580929]" name="LoginTest2" duration-ms="5888" started-at="2017-06-13T04:27:21Z" finished-at="2017-06-13T04:27:27Z">
          <reporter-output>
          </reporter-output>
        </test-method> <!-- LoginTest2 -->
        <test-method status="PASS" signature="tearDown()[pri:0, instance:com.zantao.uitest.loginTest@e580929]" name="tearDown" is-config="true" duration-ms="2892" started-at="2017-06-13T04:27:27Z" finished-at="2017-06-13T04:27:30Z">
          <reporter-output>
          </reporter-output>
        </test-method> <!-- tearDown -->
      </class> <!-- com.zantao.uitest.loginTest -->
    </test> <!-- Default test -->
  </suite> <!-- Default suite -->
</testng-results>
